2011-04-10 10:25:40 Notice: Notice (8): Uninitialized string offset: 0 in [/var/www/socialnetwork.com/app/app_controller.php, line 88]
2011-04-10 10:25:40 Notice: Notice (8): Uninitialized string offset: 0 in [/var/www/socialnetwork.com/app/app_controller.php, line 93]
2011-04-10 10:25:40 Notice: Notice (8): Uninitialized string offset: 0 in [/var/www/socialnetwork.com/app/app_controller.php, line 136]
2011-04-10 10:26:11 Notice: Notice (8): Undefined variable: result in [/var/www/socialnetwork.com/app/app_controller.php, line 144]
2011-04-10 10:26:17 Notice: Notice (8): Undefined variable: result in [/var/www/socialnetwork.com/app/app_controller.php, line 144]
2011-04-10 10:27:16 Notice: Notice (8): Undefined variable: result in [/var/www/socialnetwork.com/app/app_controller.php, line 144]
2011-04-10 10:27:59 Notice: Notice (8): Undefined variable: result in [/var/www/socialnetwork.com/app/app_controller.php, line 144]
2011-04-10 11:09:17 Notice: Notice (8): session_start() [http://php.net/function.session-start]: ps_files_cleanup_dir: opendir(/var/lib/php5) failed: Permission denied (13) in [/var/www/socialnetwork.com/cake/libs/cake_session.php, line 587]
2011-04-10 12:52:09 Notice: Notice (8): Undefined variable: i in [/var/www/socialnetwork.com/app/controllers/images_controller.php, line 35]
2011-04-10 12:52:09 Notice: Notice (8): Undefined index:  in [/var/www/socialnetwork.com/app/controllers/images_controller.php, line 35]
2011-04-10 12:58:41 Notice: Notice (8): session_start() [http://php.net/function.session-start]: ps_files_cleanup_dir: opendir(/var/lib/php5) failed: Permission denied (13) in [/var/www/socialnetwork.com/cake/libs/cake_session.php, line 587]
2011-04-16 00:29:23 Notice: Notice (8): Undefined variable: albumId in [/var/www/socialnetwork.com/app/views/images/album.ctp, line 6]
2011-04-16 00:29:23 Notice: Notice (8): Undefined variable: albumId in [/var/www/socialnetwork.com/app/views/images/album.ctp, line 19]
2011-04-16 00:46:40 Notice: Notice (8): Undefined index: Album in [/var/www/socialnetwork.com/app/views/images/album.ctp, line 52]
2011-04-16 00:46:40 Notice: Notice (8): Undefined index: Album in [/var/www/socialnetwork.com/app/views/images/album.ctp, line 53]
2011-04-16 00:46:40 Notice: Notice (8): Undefined index: Album in [/var/www/socialnetwork.com/app/views/images/album.ctp, line 54]
2011-04-16 00:46:41 Notice: Notice (8): Undefined variable: albumId in [/var/www/socialnetwork.com/app/views/images/album.ctp, line 6]
2011-04-16 00:46:41 Notice: Notice (8): Undefined variable: albumId in [/var/www/socialnetwork.com/app/views/images/album.ctp, line 19]
2011-04-16 00:46:41 Notice: Notice (8): Undefined variable: images in [/var/www/socialnetwork.com/app/views/images/album.ctp, line 44]
2011-04-16 00:46:41 Notice: Notice (8): Undefined variable: albumId in [/var/www/socialnetwork.com/app/views/images/album.ctp, line 6]
2011-04-16 00:46:41 Notice: Notice (8): Undefined variable: albumId in [/var/www/socialnetwork.com/app/views/images/album.ctp, line 19]
2011-04-16 00:46:41 Notice: Notice (8): Undefined variable: images in [/var/www/socialnetwork.com/app/views/images/album.ctp, line 44]
2011-04-16 00:46:41 Notice: Notice (8): Undefined variable: albumId in [/var/www/socialnetwork.com/app/views/images/album.ctp, line 6]
2011-04-16 00:46:41 Notice: Notice (8): Undefined variable: albumId in [/var/www/socialnetwork.com/app/views/images/album.ctp, line 19]
2011-04-16 00:46:41 Notice: Notice (8): Undefined variable: images in [/var/www/socialnetwork.com/app/views/images/album.ctp, line 44]
2011-04-16 00:47:16 Notice: Notice (8): Undefined variable: albumId in [/var/www/socialnetwork.com/app/views/images/album.ctp, line 6]
2011-04-16 00:47:16 Notice: Notice (8): Undefined variable: albumId in [/var/www/socialnetwork.com/app/views/images/album.ctp, line 19]
2011-04-16 00:47:16 Notice: Notice (8): Undefined variable: images in [/var/www/socialnetwork.com/app/views/images/album.ctp, line 44]
2011-04-16 00:47:16 Notice: Notice (8): Undefined variable: albumId in [/var/www/socialnetwork.com/app/views/images/album.ctp, line 6]
2011-04-16 00:47:16 Notice: Notice (8): Undefined variable: albumId in [/var/www/socialnetwork.com/app/views/images/album.ctp, line 19]
2011-04-16 00:47:16 Notice: Notice (8): Undefined variable: images in [/var/www/socialnetwork.com/app/views/images/album.ctp, line 44]
2011-04-16 00:47:16 Notice: Notice (8): Undefined variable: albumId in [/var/www/socialnetwork.com/app/views/images/album.ctp, line 6]
2011-04-16 00:47:16 Notice: Notice (8): Undefined variable: albumId in [/var/www/socialnetwork.com/app/views/images/album.ctp, line 19]
2011-04-16 00:47:16 Notice: Notice (8): Undefined variable: images in [/var/www/socialnetwork.com/app/views/images/album.ctp, line 44]
2011-04-16 00:47:33 Notice: Notice (8): Undefined variable: albumId in [/var/www/socialnetwork.com/app/views/images/album.ctp, line 6]
2011-04-16 00:47:33 Notice: Notice (8): Undefined variable: albumId in [/var/www/socialnetwork.com/app/views/images/album.ctp, line 19]
2011-04-16 00:47:33 Notice: Notice (8): Undefined variable: images in [/var/www/socialnetwork.com/app/views/images/album.ctp, line 44]
2011-04-16 00:47:33 Notice: Notice (8): Undefined variable: albumId in [/var/www/socialnetwork.com/app/views/images/album.ctp, line 6]
2011-04-16 00:47:33 Notice: Notice (8): Undefined variable: albumId in [/var/www/socialnetwork.com/app/views/images/album.ctp, line 19]
2011-04-16 00:47:33 Notice: Notice (8): Undefined variable: images in [/var/www/socialnetwork.com/app/views/images/album.ctp, line 44]
2011-04-16 00:47:33 Notice: Notice (8): Undefined variable: albumId in [/var/www/socialnetwork.com/app/views/images/album.ctp, line 6]
2011-04-16 00:47:33 Notice: Notice (8): Undefined variable: albumId in [/var/www/socialnetwork.com/app/views/images/album.ctp, line 19]
2011-04-16 00:47:33 Notice: Notice (8): Undefined variable: images in [/var/www/socialnetwork.com/app/views/images/album.ctp, line 44]
2011-04-16 00:47:51 Notice: Notice (8): Undefined variable: albumId in [/var/www/socialnetwork.com/app/views/images/album.ctp, line 6]
2011-04-16 00:47:51 Notice: Notice (8): Undefined variable: albumId in [/var/www/socialnetwork.com/app/views/images/album.ctp, line 19]
2011-04-16 00:47:51 Notice: Notice (8): Undefined variable: images in [/var/www/socialnetwork.com/app/views/images/album.ctp, line 44]
2011-04-16 00:48:00 Notice: Notice (8): Undefined variable: albumId in [/var/www/socialnetwork.com/app/views/images/album.ctp, line 6]
2011-04-16 00:48:00 Notice: Notice (8): Undefined variable: albumId in [/var/www/socialnetwork.com/app/views/images/album.ctp, line 19]
2011-04-16 00:48:00 Notice: Notice (8): Undefined variable: images in [/var/www/socialnetwork.com/app/views/images/album.ctp, line 44]
2011-04-16 00:48:12 Notice: Notice (8): Undefined variable: albumId in [/var/www/socialnetwork.com/app/views/images/album.ctp, line 6]
2011-04-16 00:48:12 Notice: Notice (8): Undefined variable: albumId in [/var/www/socialnetwork.com/app/views/images/album.ctp, line 19]
2011-04-16 00:48:12 Notice: Notice (8): Undefined variable: images in [/var/www/socialnetwork.com/app/views/images/album.ctp, line 44]
2011-04-16 00:48:12 Notice: Notice (8): Undefined variable: albumId in [/var/www/socialnetwork.com/app/views/images/album.ctp, line 6]
2011-04-16 00:48:12 Notice: Notice (8): Undefined variable: albumId in [/var/www/socialnetwork.com/app/views/images/album.ctp, line 19]
2011-04-16 00:48:12 Notice: Notice (8): Undefined variable: images in [/var/www/socialnetwork.com/app/views/images/album.ctp, line 44]
2011-04-16 00:48:12 Notice: Notice (8): Undefined variable: albumId in [/var/www/socialnetwork.com/app/views/images/album.ctp, line 6]
2011-04-16 00:48:12 Notice: Notice (8): Undefined variable: albumId in [/var/www/socialnetwork.com/app/views/images/album.ctp, line 19]
2011-04-16 00:48:12 Notice: Notice (8): Undefined variable: images in [/var/www/socialnetwork.com/app/views/images/album.ctp, line 44]
2011-04-16 00:48:18 Notice: Notice (8): Undefined variable: albumId in [/var/www/socialnetwork.com/app/views/images/album.ctp, line 6]
2011-04-16 00:48:18 Notice: Notice (8): Undefined variable: albumId in [/var/www/socialnetwork.com/app/views/images/album.ctp, line 19]
2011-04-16 00:48:18 Notice: Notice (8): Undefined variable: images in [/var/www/socialnetwork.com/app/views/images/album.ctp, line 44]
2011-04-16 00:48:26 Notice: Notice (8): Undefined variable: albumId in [/var/www/socialnetwork.com/app/views/images/album.ctp, line 6]
2011-04-16 00:48:26 Notice: Notice (8): Undefined variable: albumId in [/var/www/socialnetwork.com/app/views/images/album.ctp, line 19]
2011-04-16 00:48:26 Notice: Notice (8): Undefined variable: images in [/var/www/socialnetwork.com/app/views/images/album.ctp, line 44]
2011-04-16 00:48:26 Notice: Notice (8): Undefined variable: albumId in [/var/www/socialnetwork.com/app/views/images/album.ctp, line 6]
2011-04-16 00:48:26 Notice: Notice (8): Undefined variable: albumId in [/var/www/socialnetwork.com/app/views/images/album.ctp, line 19]
2011-04-16 00:48:26 Notice: Notice (8): Undefined variable: images in [/var/www/socialnetwork.com/app/views/images/album.ctp, line 44]
2011-04-16 00:48:26 Notice: Notice (8): Undefined variable: albumId in [/var/www/socialnetwork.com/app/views/images/album.ctp, line 6]
2011-04-16 00:48:26 Notice: Notice (8): Undefined variable: albumId in [/var/www/socialnetwork.com/app/views/images/album.ctp, line 19]
2011-04-16 00:48:26 Notice: Notice (8): Undefined variable: images in [/var/www/socialnetwork.com/app/views/images/album.ctp, line 44]
2011-04-16 01:55:31 Notice: Notice (8): Undefined index: Image in [/var/www/socialnetwork.com/app/views/images/view.ctp, line 17]
2011-04-17 11:11:47 Notice: Notice (8): Undefined variable: a in [/var/www/socialnetwork.com/app/views/users/profile.ctp, line 5]
2011-04-17 12:51:09 Notice: Notice (8): Undefined variable: user in [/var/www/socialnetwork.com/app/views/users/profile.ctp, line 5]
2011-04-17 12:51:10 Notice: Notice (8): Undefined variable: user in [/var/www/socialnetwork.com/app/views/users/profile.ctp, line 5]
2011-04-17 12:51:10 Notice: Notice (8): Undefined variable: user in [/var/www/socialnetwork.com/app/views/users/profile.ctp, line 5]
2011-04-17 12:51:37 Notice: Notice (8): Undefined variable: user in [/var/www/socialnetwork.com/app/views/users/profile.ctp, line 5]
2011-04-17 12:53:36 Notice: Notice (8): Undefined variable: user in [/var/www/socialnetwork.com/app/views/users/profile.ctp, line 5]
2011-04-17 12:53:46 Notice: Notice (8): Undefined variable: user in [/var/www/socialnetwork.com/app/views/users/profile.ctp, line 5]
2011-04-17 12:54:03 Notice: Notice (8): Undefined variable: user in [/var/www/socialnetwork.com/app/views/users/profile.ctp, line 5]
2011-04-22 02:34:39 Notice: Notice (8): session_start() [http://php.net/function.session-start]: ps_files_cleanup_dir: opendir(/var/lib/php5) failed: Permission denied (13) in [/var/www/socialnetwork.com/cake/libs/cake_session.php, line 587]
2011-04-25 21:47:17 Notice: Notice (8): Undefined variable: users in [/var/www/socialnetwork.com/app/controllers/users_controller.php, line 70]
2011-04-25 21:49:42 Notice: Notice (8): Undefined variable: users in [/var/www/socialnetwork.com/app/controllers/users_controller.php, line 70]
2011-04-25 21:49:58 Notice: Notice (8): Undefined variable: users in [/var/www/socialnetwork.com/app/controllers/users_controller.php, line 70]
2011-04-25 21:50:31 Notice: Notice (8): Undefined variable: imageId in [/var/www/socialnetwork.com/app/controllers/images_controller.php, line 180]
2011-04-25 21:50:31 Notice: Notice (8): Undefined variable: imageId in [/var/www/socialnetwork.com/app/controllers/images_controller.php, line 184]
2011-04-26 22:15:33 Notice: Notice (8): Use of undefined constant COMMENT - assumed 'COMMENT' in [/var/www/socialnetwork.com/app/views/users/profile.ctp, line 100]
2011-04-27 00:35:21 Notice: Notice (8): Undefined property: PostsController::$Comment in [/var/www/socialnetwork.com/app/controllers/posts_controller.php, line 46]
2011-04-27 22:34:12 Notice: Notice (8): Undefined variable: post in [/var/www/socialnetwork.com/app/views/images/view.ctp, line 41]
2011-04-27 22:34:12 Notice: Notice (8): Undefined variable: comments in [/var/www/socialnetwork.com/app/views/images/view.ctp, line 41]
2011-04-27 22:34:12 Notice: Notice (8): Undefined variable: post in [/var/www/socialnetwork.com/app/views/images/view.ctp, line 75]
2011-04-27 22:34:12 Notice: Notice (8): Undefined variable: post in [/var/www/socialnetwork.com/app/views/images/view.ctp, line 79]
2011-04-27 22:40:30 Notice: Notice (8): session_start() [http://php.net/function.session-start]: ps_files_cleanup_dir: opendir(/var/lib/php5) failed: Permission denied (13) in [/var/www/socialnetwork.com/cake/libs/cake_session.php, line 587]
2011-04-27 22:41:36 Notice: Notice (8): Undefined variable: post in [/var/www/socialnetwork.com/app/views/images/view.ctp, line 41]
2011-04-27 22:41:36 Notice: Notice (8): Undefined variable: comments in [/var/www/socialnetwork.com/app/views/images/view.ctp, line 41]
2011-04-27 22:41:36 Notice: Notice (8): Undefined variable: post in [/var/www/socialnetwork.com/app/views/images/view.ctp, line 75]
2011-04-27 22:41:36 Notice: Notice (8): Undefined variable: post in [/var/www/socialnetwork.com/app/views/images/view.ctp, line 79]
2011-04-27 22:44:41 Notice: Notice (8): Undefined index: User in [/var/www/socialnetwork.com/app/views/images/view.ctp, line 48]
2011-04-27 22:44:41 Notice: Notice (8): Undefined variable: loggedInUserId in [/var/www/socialnetwork.com/app/views/images/view.ctp, line 62]
2011-04-27 22:44:41 Notice: Notice (8): Undefined variable: post in [/var/www/socialnetwork.com/app/views/images/view.ctp, line 76]
2011-04-27 22:44:41 Notice: Notice (8): Undefined variable: post in [/var/www/socialnetwork.com/app/views/images/view.ctp, line 80]
2011-04-27 22:45:18 Notice: Notice (8): Undefined index: User in [/var/www/socialnetwork.com/app/views/images/view.ctp, line 48]
2011-04-27 22:45:18 Notice: Notice (8): Undefined variable: loggedInUserId in [/var/www/socialnetwork.com/app/views/images/view.ctp, line 62]
2011-04-27 22:46:14 Notice: Notice (8): Undefined index: User in [/var/www/socialnetwork.com/app/views/images/view.ctp, line 48]
2011-04-27 22:47:15 Notice: Notice (8): Undefined index: User in [/var/www/socialnetwork.com/app/views/images/view.ctp, line 48]
2011-04-29 12:27:19 Debug: Notice (8): Undefined variable: albumId in [C:\xampp\htdocs\socialnetwork.com\app\views\images\album.ctp, line 7]
2011-04-29 12:27:19 Debug: Notice (8): Undefined variable: albumId in [C:\xampp\htdocs\socialnetwork.com\app\views\images\album.ctp, line 20]
2011-04-29 12:27:19 Debug: Notice (8): Undefined variable: images in [C:\xampp\htdocs\socialnetwork.com\app\views\images\album.ctp, line 45]
2011-04-29 12:27:19 Debug: Notice (8): Undefined variable: albumId in [C:\xampp\htdocs\socialnetwork.com\app\views\images\album.ctp, line 7]
2011-04-29 12:27:19 Debug: Notice (8): Undefined variable: albumId in [C:\xampp\htdocs\socialnetwork.com\app\views\images\album.ctp, line 20]
2011-04-29 12:27:19 Debug: Notice (8): Undefined variable: images in [C:\xampp\htdocs\socialnetwork.com\app\views\images\album.ctp, line 45]
2011-04-29 12:27:19 Debug: Notice (8): Undefined variable: albumId in [C:\xampp\htdocs\socialnetwork.com\app\views\images\album.ctp, line 7]
2011-04-29 12:27:19 Debug: Notice (8): Undefined variable: albumId in [C:\xampp\htdocs\socialnetwork.com\app\views\images\album.ctp, line 20]
2011-04-29 12:27:19 Debug: Notice (8): Undefined variable: images in [C:\xampp\htdocs\socialnetwork.com\app\views\images\album.ctp, line 45]
2011-04-29 12:27:19 Debug: Notice (8): Undefined variable: albumId in [C:\xampp\htdocs\socialnetwork.com\app\views\images\album.ctp, line 7]
2011-04-29 12:27:19 Debug: Notice (8): Undefined variable: albumId in [C:\xampp\htdocs\socialnetwork.com\app\views\images\album.ctp, line 20]
2011-04-29 12:27:19 Debug: Notice (8): Undefined variable: images in [C:\xampp\htdocs\socialnetwork.com\app\views\images\album.ctp, line 45]
2011-04-29 12:27:19 Debug: Notice (8): Undefined variable: albumId in [C:\xampp\htdocs\socialnetwork.com\app\views\images\album.ctp, line 7]
2011-04-29 12:27:19 Debug: Notice (8): Undefined variable: albumId in [C:\xampp\htdocs\socialnetwork.com\app\views\images\album.ctp, line 20]
2011-04-29 12:27:19 Debug: Notice (8): Undefined variable: images in [C:\xampp\htdocs\socialnetwork.com\app\views\images\album.ctp, line 45]
2011-04-29 12:27:19 Debug: Notice (8): Undefined variable: albumId in [C:\xampp\htdocs\socialnetwork.com\app\views\images\album.ctp, line 7]
2011-04-29 12:27:19 Debug: Notice (8): Undefined variable: albumId in [C:\xampp\htdocs\socialnetwork.com\app\views\images\album.ctp, line 20]
2011-04-29 12:27:19 Debug: Notice (8): Undefined variable: images in [C:\xampp\htdocs\socialnetwork.com\app\views\images\album.ctp, line 45]
2011-04-29 12:28:16 Debug: Notice (8): Undefined variable: albumId in [C:\xampp\htdocs\socialnetwork.com\app\views\images\album.ctp, line 7]
2011-04-29 12:28:16 Debug: Notice (8): Undefined variable: albumId in [C:\xampp\htdocs\socialnetwork.com\app\views\images\album.ctp, line 20]
2011-04-29 12:28:16 Debug: Notice (8): Undefined variable: images in [C:\xampp\htdocs\socialnetwork.com\app\views\images\album.ctp, line 45]
2011-05-03 15:59:19 Debug: Notice (8): Undefined index: Message in [C:\xampp\htdocs\socialnetwork.com\app\controllers\users_controller.php, line 230]
2011-05-03 15:59:19 Debug: Notice (8): Undefined index: Message in [C:\xampp\htdocs\socialnetwork.com\app\controllers\users_controller.php, line 233]
2011-05-03 15:59:19 Debug: Notice (8): Undefined variable: msessages in [C:\xampp\htdocs\socialnetwork.com\app\controllers\users_controller.php, line 237]
2011-05-03 15:59:47 Debug: Notice (8): Undefined index: Message in [C:\xampp\htdocs\socialnetwork.com\app\controllers\users_controller.php, line 230]
2011-05-03 15:59:47 Debug: Notice (8): Undefined index: Message in [C:\xampp\htdocs\socialnetwork.com\app\controllers\users_controller.php, line 233]
2011-05-03 16:00:49 Debug: Notice (8): Undefined variable: msessages in [C:\xampp\htdocs\socialnetwork.com\app\controllers\users_controller.php, line 237]
2011-05-03 17:37:51 Debug: Notice (8): Undefined variable: message in [C:\xampp\htdocs\socialnetwork.com\app\controllers\users_controller.php, line 240]
2011-05-03 17:56:15 Debug: Notice (8): Undefined variable: users in [C:\xampp\htdocs\socialnetwork.com\app\views\users\profile.ctp, line 217]
2011-05-03 18:15:31 Debug: Notice (8): Undefined index: 1 in [C:\xampp\htdocs\socialnetwork.com\app\views\users\profile.ctp, line 222]
2011-05-05 22:54:26 Notice: Notice (8): Undefined index: HTTP_REFERER in [/var/www/socialnetwork.com/app/controllers/users_controller.php, line 43]
2011-05-05 23:25:32 Notice: Notice (8): Undefined index: cover in [/var/www/socialnetwork.com/app/views/albums/search.ctp, line 24]
2011-05-05 23:25:32 Notice: Notice (8): Undefined index: username in [/var/www/socialnetwork.com/app/views/albums/search.ctp, line 33]
2011-05-05 23:25:32 Notice: Notice (8): Undefined index: images in [/var/www/socialnetwork.com/app/views/albums/search.ctp, line 34]
2011-05-08 12:35:29 Notice: Notice (8): Undefined index: cover in [/var/www/socialnetwork.com/app/views/albums/search.ctp, line 24]
2011-05-08 12:35:29 Notice: Notice (8): Undefined index: username in [/var/www/socialnetwork.com/app/views/albums/search.ctp, line 33]
2011-05-08 12:35:29 Notice: Notice (8): Undefined index: images in [/var/www/socialnetwork.com/app/views/albums/search.ctp, line 34]
2011-05-08 12:38:58 Notice: Notice (8): Undefined index: cover in [/var/www/socialnetwork.com/app/views/albums/search.ctp, line 24]
2011-05-08 12:38:58 Notice: Notice (8): Undefined index: username in [/var/www/socialnetwork.com/app/views/albums/search.ctp, line 33]
2011-05-08 12:38:58 Notice: Notice (8): Undefined index: images in [/var/www/socialnetwork.com/app/views/albums/search.ctp, line 34]
2011-05-08 12:41:09 Notice: Notice (8): Undefined index: cover in [/var/www/socialnetwork.com/app/views/albums/search.ctp, line 24]
2011-05-08 12:41:09 Notice: Notice (8): Undefined index: username in [/var/www/socialnetwork.com/app/views/albums/search.ctp, line 33]
2011-05-08 12:44:35 Notice: Notice (8): Undefined index: cover in [/var/www/socialnetwork.com/app/views/albums/search.ctp, line 24]
2011-05-08 12:45:57 Notice: Notice (8): Undefined index: cover in [/var/www/socialnetwork.com/app/views/albums/search.ctp, line 24]
2011-05-08 12:52:17 Notice: Notice (8): Undefined offset: 1 in [/var/www/socialnetwork.com/app/controllers/albums_controller.php, line 76]
2011-05-08 12:52:17 Notice: Notice (8): Undefined offset: 1 in [/var/www/socialnetwork.com/app/controllers/albums_controller.php, line 77]
2011-05-08 12:52:17 Notice: Notice (8): Undefined index: cover in [/var/www/socialnetwork.com/app/views/albums/search.ctp, line 24]
2011-05-08 12:52:17 Notice: Notice (8): Undefined index: id in [/var/www/socialnetwork.com/app/views/albums/search.ctp, line 23]
2011-05-08 12:52:17 Notice: Notice (8): Undefined index: name in [/var/www/socialnetwork.com/app/views/albums/search.ctp, line 28]
2011-05-08 12:52:17 Notice: Notice (8): Undefined index: id in [/var/www/socialnetwork.com/app/views/albums/search.ctp, line 29]
2011-05-08 12:52:17 Notice: Notice (8): Undefined index: User in [/var/www/socialnetwork.com/app/views/albums/search.ctp, line 33]
2011-05-08 12:52:18 Notice: Notice (8): Undefined offset: 1 in [/var/www/socialnetwork.com/app/controllers/albums_controller.php, line 76]
2011-05-08 12:52:18 Notice: Notice (8): Undefined offset: 1 in [/var/www/socialnetwork.com/app/controllers/albums_controller.php, line 77]
2011-05-08 12:52:18 Notice: Notice (8): Undefined index: cover in [/var/www/socialnetwork.com/app/views/albums/search.ctp, line 24]
2011-05-08 12:52:18 Notice: Notice (8): Undefined index: id in [/var/www/socialnetwork.com/app/views/albums/search.ctp, line 23]
2011-05-08 12:52:18 Notice: Notice (8): Undefined index: name in [/var/www/socialnetwork.com/app/views/albums/search.ctp, line 28]
2011-05-08 12:52:18 Notice: Notice (8): Undefined index: id in [/var/www/socialnetwork.com/app/views/albums/search.ctp, line 29]
2011-05-08 12:52:18 Notice: Notice (8): Undefined index: User in [/var/www/socialnetwork.com/app/views/albums/search.ctp, line 33]
2011-05-08 13:38:54 Notice: Notice (8): session_start() [http://php.net/function.session-start]: ps_files_cleanup_dir: opendir(/var/lib/php5) failed: Permission denied (13) in [/var/www/socialnetwork.com/cake/libs/cake_session.php, line 587]
2011-05-08 14:06:17 Notice: Notice (8): Undefined variable: users in [/var/www/socialnetwork.com/app/views/users/friends.ctp, line 5]
2011-05-08 14:08:58 Notice: Notice (8): Undefined variable: user in [/var/www/socialnetwork.com/app/views/users/profile.ctp, line 12]
2011-05-08 14:08:58 Notice: Notice (8): Undefined variable: user in [/var/www/socialnetwork.com/app/views/users/profile.ctp, line 19]
2011-05-08 14:08:58 Notice: Notice (8): Undefined variable: user in [/var/www/socialnetwork.com/app/views/users/profile.ctp, line 25]
2011-05-08 14:08:58 Notice: Notice (8): Undefined variable: user in [/var/www/socialnetwork.com/app/views/users/profile.ctp, line 39]
2011-05-08 14:08:58 Notice: Notice (8): Undefined variable: user in [/var/www/socialnetwork.com/app/views/users/profile.ctp, line 40]
2011-05-08 14:08:58 Notice: Notice (8): Undefined variable: user in [/var/www/socialnetwork.com/app/views/users/profile.ctp, line 46]
2011-05-08 14:08:58 Notice: Notice (8): Undefined variable: user in [/var/www/socialnetwork.com/app/views/users/profile.ctp, line 57]
2011-05-08 14:08:58 Notice: Notice (8): Undefined variable: user in [/var/www/socialnetwork.com/app/views/users/profile.ctp, line 70]
2011-05-08 14:08:58 Notice: Notice (8): Undefined variable: user in [/var/www/socialnetwork.com/app/views/users/profile.ctp, line 72]
2011-05-08 14:08:58 Notice: Notice (8): Undefined variable: user in [/var/www/socialnetwork.com/app/views/users/profile.ctp, line 73]
2011-05-08 14:08:58 Notice: Notice (8): Undefined variable: user in [/var/www/socialnetwork.com/app/views/users/profile.ctp, line 80]
2011-05-08 14:08:58 Notice: Notice (8): Undefined variable: showTab in [/var/www/socialnetwork.com/app/views/users/profile.ctp, line 86]
2011-05-08 14:08:58 Notice: Notice (8): Undefined variable: showTab in [/var/www/socialnetwork.com/app/views/users/profile.ctp, line 89]
2011-05-08 14:08:58 Notice: Notice (8): Undefined variable: user in [/var/www/socialnetwork.com/app/views/users/profile.ctp, line 92]
2011-05-08 14:08:58 Notice: Notice (8): Undefined variable: showTab in [/var/www/socialnetwork.com/app/views/users/profile.ctp, line 100]
2011-05-08 14:08:58 Notice: Notice (8): Undefined variable: posts in [/var/www/socialnetwork.com/app/views/users/profile.ctp, line 108]
2011-05-08 14:08:59 Notice: Notice (8): Undefined variable: showTab in [/var/www/socialnetwork.com/app/views/users/profile.ctp, line 196]
2011-05-08 14:08:59 Notice: Notice (8): Undefined variable: user in [/var/www/socialnetwork.com/app/views/users/profile.ctp, line 202]
2011-05-08 14:08:59 Notice: Notice (8): Undefined variable: user in [/var/www/socialnetwork.com/app/views/users/profile.ctp, line 206]
2011-05-08 14:08:59 Notice: Notice (8): Undefined variable: user in [/var/www/socialnetwork.com/app/views/users/profile.ctp, line 210]
2011-05-08 14:08:59 Notice: Notice (8): Undefined variable: user in [/var/www/socialnetwork.com/app/views/users/profile.ctp, line 216]
2011-05-08 14:08:59 Notice: Notice (8): Undefined variable: user in [/var/www/socialnetwork.com/app/views/users/profile.ctp, line 12]
2011-05-08 14:08:59 Notice: Notice (8): Undefined variable: user in [/var/www/socialnetwork.com/app/views/users/profile.ctp, line 19]
2011-05-08 14:08:59 Notice: Notice (8): Undefined variable: user in [/var/www/socialnetwork.com/app/views/users/profile.ctp, line 25]
2011-05-08 14:08:59 Notice: Notice (8): Undefined variable: user in [/var/www/socialnetwork.com/app/views/users/profile.ctp, line 39]
2011-05-08 14:08:59 Notice: Notice (8): Undefined variable: user in [/var/www/socialnetwork.com/app/views/users/profile.ctp, line 40]
2011-05-08 14:08:59 Notice: Notice (8): Undefined variable: user in [/var/www/socialnetwork.com/app/views/users/profile.ctp, line 46]
2011-05-08 14:08:59 Notice: Notice (8): Undefined variable: user in [/var/www/socialnetwork.com/app/views/users/profile.ctp, line 57]
2011-05-08 14:08:59 Notice: Notice (8): Undefined variable: user in [/var/www/socialnetwork.com/app/views/users/profile.ctp, line 70]
2011-05-08 14:08:59 Notice: Notice (8): Undefined variable: user in [/var/www/socialnetwork.com/app/views/users/profile.ctp, line 72]
2011-05-08 14:08:59 Notice: Notice (8): Undefined variable: user in [/var/www/socialnetwork.com/app/views/users/profile.ctp, line 73]
2011-05-08 14:08:59 Notice: Notice (8): Undefined variable: user in [/var/www/socialnetwork.com/app/views/users/profile.ctp, line 80]
2011-05-08 14:08:59 Notice: Notice (8): Undefined variable: showTab in [/var/www/socialnetwork.com/app/views/users/profile.ctp, line 86]
2011-05-08 14:08:59 Notice: Notice (8): Undefined variable: showTab in [/var/www/socialnetwork.com/app/views/users/profile.ctp, line 89]
2011-05-08 14:08:59 Notice: Notice (8): Undefined variable: user in [/var/www/socialnetwork.com/app/views/users/profile.ctp, line 92]
2011-05-08 14:08:59 Notice: Notice (8): Undefined variable: showTab in [/var/www/socialnetwork.com/app/views/users/profile.ctp, line 100]
2011-05-08 14:08:59 Notice: Notice (8): Undefined variable: posts in [/var/www/socialnetwork.com/app/views/users/profile.ctp, line 108]
2011-05-08 14:08:59 Notice: Notice (8): Undefined variable: showTab in [/var/www/socialnetwork.com/app/views/users/profile.ctp, line 196]
2011-05-08 14:08:59 Notice: Notice (8): Undefined variable: user in [/var/www/socialnetwork.com/app/views/users/profile.ctp, line 202]
2011-05-08 14:08:59 Notice: Notice (8): Undefined variable: user in [/var/www/socialnetwork.com/app/views/users/profile.ctp, line 206]
2011-05-08 14:08:59 Notice: Notice (8): Undefined variable: user in [/var/www/socialnetwork.com/app/views/users/profile.ctp, line 210]
2011-05-08 14:08:59 Notice: Notice (8): Undefined variable: user in [/var/www/socialnetwork.com/app/views/users/profile.ctp, line 216]
2011-05-08 14:09:09 Notice: Notice (8): Undefined variable: user in [/var/www/socialnetwork.com/app/views/users/profile.ctp, line 12]
2011-05-08 14:09:09 Notice: Notice (8): Undefined variable: user in [/var/www/socialnetwork.com/app/views/users/profile.ctp, line 19]
2011-05-08 14:09:09 Notice: Notice (8): Undefined variable: user in [/var/www/socialnetwork.com/app/views/users/profile.ctp, line 25]
2011-05-08 14:09:09 Notice: Notice (8): Undefined variable: user in [/var/www/socialnetwork.com/app/views/users/profile.ctp, line 39]
2011-05-08 14:09:09 Notice: Notice (8): Undefined variable: user in [/var/www/socialnetwork.com/app/views/users/profile.ctp, line 40]
2011-05-08 14:09:09 Notice: Notice (8): Undefined variable: user in [/var/www/socialnetwork.com/app/views/users/profile.ctp, line 46]
2011-05-08 14:09:09 Notice: Notice (8): Undefined variable: user in [/var/www/socialnetwork.com/app/views/users/profile.ctp, line 57]
2011-05-08 14:09:09 Notice: Notice (8): Undefined variable: user in [/var/www/socialnetwork.com/app/views/users/profile.ctp, line 70]
2011-05-08 14:09:09 Notice: Notice (8): Undefined variable: user in [/var/www/socialnetwork.com/app/views/users/profile.ctp, line 72]
2011-05-08 14:09:09 Notice: Notice (8): Undefined variable: user in [/var/www/socialnetwork.com/app/views/users/profile.ctp, line 73]
2011-05-08 14:09:09 Notice: Notice (8): Undefined variable: user in [/var/www/socialnetwork.com/app/views/users/profile.ctp, line 80]
2011-05-08 14:09:09 Notice: Notice (8): Undefined variable: showTab in [/var/www/socialnetwork.com/app/views/users/profile.ctp, line 86]
2011-05-08 14:09:09 Notice: Notice (8): Undefined variable: showTab in [/var/www/socialnetwork.com/app/views/users/profile.ctp, line 89]
2011-05-08 14:09:09 Notice: Notice (8): Undefined variable: user in [/var/www/socialnetwork.com/app/views/users/profile.ctp, line 92]
2011-05-08 14:09:09 Notice: Notice (8): Undefined variable: showTab in [/var/www/socialnetwork.com/app/views/users/profile.ctp, line 100]
2011-05-08 14:09:09 Notice: Notice (8): Undefined variable: posts in [/var/www/socialnetwork.com/app/views/users/profile.ctp, line 108]
2011-05-08 14:09:09 Notice: Notice (8): Undefined variable: showTab in [/var/www/socialnetwork.com/app/views/users/profile.ctp, line 196]
2011-05-08 14:09:10 Notice: Notice (8): Undefined variable: user in [/var/www/socialnetwork.com/app/views/users/profile.ctp, line 202]
2011-05-08 14:09:10 Notice: Notice (8): Undefined variable: user in [/var/www/socialnetwork.com/app/views/users/profile.ctp, line 206]
2011-05-08 14:09:10 Notice: Notice (8): Undefined variable: user in [/var/www/socialnetwork.com/app/views/users/profile.ctp, line 210]
2011-05-08 14:09:10 Notice: Notice (8): Undefined variable: user in [/var/www/socialnetwork.com/app/views/users/profile.ctp, line 216]
2011-05-08 14:09:10 Notice: Notice (8): Undefined variable: user in [/var/www/socialnetwork.com/app/views/users/profile.ctp, line 12]
2011-05-08 14:09:10 Notice: Notice (8): Undefined variable: user in [/var/www/socialnetwork.com/app/views/users/profile.ctp, line 19]
2011-05-08 14:09:10 Notice: Notice (8): Undefined variable: user in [/var/www/socialnetwork.com/app/views/users/profile.ctp, line 25]
2011-05-08 14:09:10 Notice: Notice (8): Undefined variable: user in [/var/www/socialnetwork.com/app/views/users/profile.ctp, line 39]
2011-05-08 14:09:10 Notice: Notice (8): Undefined variable: user in [/var/www/socialnetwork.com/app/views/users/profile.ctp, line 40]
2011-05-08 14:09:10 Notice: Notice (8): Undefined variable: user in [/var/www/socialnetwork.com/app/views/users/profile.ctp, line 46]
2011-05-08 14:09:10 Notice: Notice (8): Undefined variable: user in [/var/www/socialnetwork.com/app/views/users/profile.ctp, line 57]
2011-05-08 14:09:10 Notice: Notice (8): Undefined variable: user in [/var/www/socialnetwork.com/app/views/users/profile.ctp, line 70]
2011-05-08 14:09:10 Notice: Notice (8): Undefined variable: user in [/var/www/socialnetwork.com/app/views/users/profile.ctp, line 72]
2011-05-08 14:09:10 Notice: Notice (8): Undefined variable: user in [/var/www/socialnetwork.com/app/views/users/profile.ctp, line 73]
2011-05-08 14:09:10 Notice: Notice (8): Undefined variable: user in [/var/www/socialnetwork.com/app/views/users/profile.ctp, line 80]
2011-05-08 14:09:11 Notice: Notice (8): Undefined variable: showTab in [/var/www/socialnetwork.com/app/views/users/profile.ctp, line 86]
2011-05-08 14:09:11 Notice: Notice (8): Undefined variable: showTab in [/var/www/socialnetwork.com/app/views/users/profile.ctp, line 89]
2011-05-08 14:09:11 Notice: Notice (8): Undefined variable: user in [/var/www/socialnetwork.com/app/views/users/profile.ctp, line 92]
2011-05-08 14:09:11 Notice: Notice (8): Undefined variable: showTab in [/var/www/socialnetwork.com/app/views/users/profile.ctp, line 100]
2011-05-08 14:09:11 Notice: Notice (8): Undefined variable: posts in [/var/www/socialnetwork.com/app/views/users/profile.ctp, line 108]
2011-05-08 14:09:11 Notice: Notice (8): Undefined variable: showTab in [/var/www/socialnetwork.com/app/views/users/profile.ctp, line 196]
2011-05-08 14:09:11 Notice: Notice (8): Undefined variable: user in [/var/www/socialnetwork.com/app/views/users/profile.ctp, line 202]
2011-05-08 14:09:11 Notice: Notice (8): Undefined variable: user in [/var/www/socialnetwork.com/app/views/users/profile.ctp, line 206]
2011-05-08 14:09:11 Notice: Notice (8): Undefined variable: user in [/var/www/socialnetwork.com/app/views/users/profile.ctp, line 210]
2011-05-08 14:09:11 Notice: Notice (8): Undefined variable: user in [/var/www/socialnetwork.com/app/views/users/profile.ctp, line 216]
2011-05-09 21:45:53 Notice: Notice (8): session_start() [http://php.net/function.session-start]: ps_files_cleanup_dir: opendir(/var/lib/php5) failed: Permission denied (13) in [/var/www/socialnetwork.com/cake/libs/cake_session.php, line 587]
2011-05-09 21:47:42 Notice: Notice (8): Undefined index: status in [/var/www/socialnetwork.com/app/controllers/users_controller.php, line 327]
2011-05-09 21:49:24 Notice: Notice (8): Undefined variable: user in [/var/www/socialnetwork.com/app/views/users/profile.ctp, line 12]
2011-05-09 21:49:24 Notice: Notice (8): Undefined variable: user in [/var/www/socialnetwork.com/app/views/users/profile.ctp, line 19]
2011-05-09 21:49:24 Notice: Notice (8): Undefined variable: user in [/var/www/socialnetwork.com/app/views/users/profile.ctp, line 25]
2011-05-09 21:49:24 Notice: Notice (8): Undefined variable: user in [/var/www/socialnetwork.com/app/views/users/profile.ctp, line 39]
2011-05-09 21:49:24 Notice: Notice (8): Undefined variable: user in [/var/www/socialnetwork.com/app/views/users/profile.ctp, line 40]
2011-05-09 21:49:24 Notice: Notice (8): Undefined variable: user in [/var/www/socialnetwork.com/app/views/users/profile.ctp, line 46]
2011-05-09 21:49:24 Notice: Notice (8): Undefined variable: user in [/var/www/socialnetwork.com/app/views/users/profile.ctp, line 55]
2011-05-09 21:49:24 Notice: Notice (8): Undefined variable: user in [/var/www/socialnetwork.com/app/views/users/profile.ctp, line 57]
2011-05-09 21:49:24 Notice: Notice (8): Undefined variable: user in [/var/www/socialnetwork.com/app/views/users/profile.ctp, line 70]
2011-05-09 21:49:24 Notice: Notice (8): Undefined variable: user in [/var/www/socialnetwork.com/app/views/users/profile.ctp, line 72]
2011-05-09 21:49:24 Notice: Notice (8): Undefined variable: user in [/var/www/socialnetwork.com/app/views/users/profile.ctp, line 73]
2011-05-09 21:49:24 Notice: Notice (8): Undefined variable: user in [/var/www/socialnetwork.com/app/views/users/profile.ctp, line 80]
2011-05-09 21:49:24 Notice: Notice (8): Undefined variable: showTab in [/var/www/socialnetwork.com/app/views/users/profile.ctp, line 86]
2011-05-09 21:49:24 Notice: Notice (8): Undefined variable: showTab in [/var/www/socialnetwork.com/app/views/users/profile.ctp, line 89]
2011-05-09 21:49:24 Notice: Notice (8): Undefined variable: user in [/var/www/socialnetwork.com/app/views/users/profile.ctp, line 92]
2011-05-09 21:49:24 Notice: Notice (8): Undefined variable: showTab in [/var/www/socialnetwork.com/app/views/users/profile.ctp, line 100]
2011-05-09 21:49:24 Notice: Notice (8): Undefined variable: posts in [/var/www/socialnetwork.com/app/views/users/profile.ctp, line 108]
2011-05-09 21:49:24 Notice: Notice (8): Undefined variable: showTab in [/var/www/socialnetwork.com/app/views/users/profile.ctp, line 196]
2011-05-09 21:49:24 Notice: Notice (8): Undefined variable: user in [/var/www/socialnetwork.com/app/views/users/profile.ctp, line 202]
2011-05-09 21:49:24 Notice: Notice (8): Undefined variable: user in [/var/www/socialnetwork.com/app/views/users/profile.ctp, line 206]
2011-05-09 21:49:24 Notice: Notice (8): Undefined variable: user in [/var/www/socialnetwork.com/app/views/users/profile.ctp, line 210]
2011-05-09 21:49:24 Notice: Notice (8): Undefined variable: user in [/var/www/socialnetwork.com/app/views/users/profile.ctp, line 216]
2011-05-09 21:49:24 Notice: Notice (8): Undefined variable: user in [/var/www/socialnetwork.com/app/views/users/profile.ctp, line 12]
2011-05-09 21:49:24 Notice: Notice (8): Undefined variable: user in [/var/www/socialnetwork.com/app/views/users/profile.ctp, line 19]
2011-05-09 21:49:24 Notice: Notice (8): Undefined variable: user in [/var/www/socialnetwork.com/app/views/users/profile.ctp, line 25]
2011-05-09 21:49:25 Notice: Notice (8): Undefined variable: user in [/var/www/socialnetwork.com/app/views/users/profile.ctp, line 39]
2011-05-09 21:49:25 Notice: Notice (8): Undefined variable: user in [/var/www/socialnetwork.com/app/views/users/profile.ctp, line 40]
2011-05-09 21:49:25 Notice: Notice (8): Undefined variable: user in [/var/www/socialnetwork.com/app/views/users/profile.ctp, line 46]
2011-05-09 21:49:25 Notice: Notice (8): Undefined variable: user in [/var/www/socialnetwork.com/app/views/users/profile.ctp, line 55]
2011-05-09 21:49:25 Notice: Notice (8): Undefined variable: user in [/var/www/socialnetwork.com/app/views/users/profile.ctp, line 57]
2011-05-09 21:49:25 Notice: Notice (8): Undefined variable: user in [/var/www/socialnetwork.com/app/views/users/profile.ctp, line 70]
2011-05-09 21:49:25 Notice: Notice (8): Undefined variable: user in [/var/www/socialnetwork.com/app/views/users/profile.ctp, line 72]
2011-05-09 21:49:25 Notice: Notice (8): Undefined variable: user in [/var/www/socialnetwork.com/app/views/users/profile.ctp, line 73]
2011-05-09 21:49:25 Notice: Notice (8): Undefined variable: user in [/var/www/socialnetwork.com/app/views/users/profile.ctp, line 80]
2011-05-09 21:49:25 Notice: Notice (8): Undefined variable: showTab in [/var/www/socialnetwork.com/app/views/users/profile.ctp, line 86]
2011-05-09 21:49:25 Notice: Notice (8): Undefined variable: showTab in [/var/www/socialnetwork.com/app/views/users/profile.ctp, line 89]
2011-05-09 21:49:25 Notice: Notice (8): Undefined variable: user in [/var/www/socialnetwork.com/app/views/users/profile.ctp, line 92]
2011-05-09 21:49:25 Notice: Notice (8): Undefined variable: showTab in [/var/www/socialnetwork.com/app/views/users/profile.ctp, line 100]
2011-05-09 21:49:25 Notice: Notice (8): Undefined variable: posts in [/var/www/socialnetwork.com/app/views/users/profile.ctp, line 108]
2011-05-09 21:49:25 Notice: Notice (8): Undefined variable: showTab in [/var/www/socialnetwork.com/app/views/users/profile.ctp, line 196]
2011-05-09 21:49:25 Notice: Notice (8): Undefined variable: user in [/var/www/socialnetwork.com/app/views/users/profile.ctp, line 202]
2011-05-09 21:49:25 Notice: Notice (8): Undefined variable: user in [/var/www/socialnetwork.com/app/views/users/profile.ctp, line 206]
2011-05-09 21:49:25 Notice: Notice (8): Undefined variable: user in [/var/www/socialnetwork.com/app/views/users/profile.ctp, line 210]
2011-05-09 21:49:25 Notice: Notice (8): Undefined variable: user in [/var/www/socialnetwork.com/app/views/users/profile.ctp, line 216]
2011-05-09 21:49:25 Notice: Notice (8): Undefined variable: user in [/var/www/socialnetwork.com/app/views/users/profile.ctp, line 12]
2011-05-09 21:49:25 Notice: Notice (8): Undefined variable: user in [/var/www/socialnetwork.com/app/views/users/profile.ctp, line 19]
2011-05-09 21:49:25 Notice: Notice (8): Undefined variable: user in [/var/www/socialnetwork.com/app/views/users/profile.ctp, line 25]
2011-05-09 21:49:25 Notice: Notice (8): Undefined variable: user in [/var/www/socialnetwork.com/app/views/users/profile.ctp, line 39]
2011-05-09 21:49:25 Notice: Notice (8): Undefined variable: user in [/var/www/socialnetwork.com/app/views/users/profile.ctp, line 40]
2011-05-09 21:49:25 Notice: Notice (8): Undefined variable: user in [/var/www/socialnetwork.com/app/views/users/profile.ctp, line 46]
2011-05-09 21:49:25 Notice: Notice (8): Undefined variable: user in [/var/www/socialnetwork.com/app/views/users/profile.ctp, line 55]
2011-05-09 21:49:26 Notice: Notice (8): Undefined variable: user in [/var/www/socialnetwork.com/app/views/users/profile.ctp, line 57]
2011-05-09 21:49:26 Notice: Notice (8): Undefined variable: user in [/var/www/socialnetwork.com/app/views/users/profile.ctp, line 70]
2011-05-09 21:49:26 Notice: Notice (8): Undefined variable: user in [/var/www/socialnetwork.com/app/views/users/profile.ctp, line 72]
2011-05-09 21:49:26 Notice: Notice (8): Undefined variable: user in [/var/www/socialnetwork.com/app/views/users/profile.ctp, line 73]
2011-05-09 21:49:26 Notice: Notice (8): Undefined variable: user in [/var/www/socialnetwork.com/app/views/users/profile.ctp, line 80]
2011-05-09 21:49:26 Notice: Notice (8): Undefined variable: showTab in [/var/www/socialnetwork.com/app/views/users/profile.ctp, line 86]
2011-05-09 21:49:26 Notice: Notice (8): Undefined variable: showTab in [/var/www/socialnetwork.com/app/views/users/profile.ctp, line 89]
2011-05-09 21:49:26 Notice: Notice (8): Undefined variable: user in [/var/www/socialnetwork.com/app/views/users/profile.ctp, line 92]
2011-05-09 21:49:26 Notice: Notice (8): Undefined variable: showTab in [/var/www/socialnetwork.com/app/views/users/profile.ctp, line 100]
2011-05-09 21:49:26 Notice: Notice (8): Undefined variable: posts in [/var/www/socialnetwork.com/app/views/users/profile.ctp, line 108]
2011-05-09 21:49:26 Notice: Notice (8): Undefined variable: showTab in [/var/www/socialnetwork.com/app/views/users/profile.ctp, line 196]
2011-05-09 21:49:26 Notice: Notice (8): Undefined variable: user in [/var/www/socialnetwork.com/app/views/users/profile.ctp, line 202]
2011-05-09 21:49:26 Notice: Notice (8): Undefined variable: user in [/var/www/socialnetwork.com/app/views/users/profile.ctp, line 206]
2011-05-09 21:49:26 Notice: Notice (8): Undefined variable: user in [/var/www/socialnetwork.com/app/views/users/profile.ctp, line 210]
2011-05-09 21:49:26 Notice: Notice (8): Undefined variable: user in [/var/www/socialnetwork.com/app/views/users/profile.ctp, line 216]
2011-05-09 21:49:32 Notice: Notice (8): Undefined variable: user in [/var/www/socialnetwork.com/app/views/users/profile.ctp, line 12]
2011-05-09 21:49:32 Notice: Notice (8): Undefined variable: user in [/var/www/socialnetwork.com/app/views/users/profile.ctp, line 19]
2011-05-09 21:49:32 Notice: Notice (8): Undefined variable: user in [/var/www/socialnetwork.com/app/views/users/profile.ctp, line 25]
2011-05-09 21:49:32 Notice: Notice (8): Undefined variable: user in [/var/www/socialnetwork.com/app/views/users/profile.ctp, line 39]
2011-05-09 21:49:32 Notice: Notice (8): Undefined variable: user in [/var/www/socialnetwork.com/app/views/users/profile.ctp, line 40]
2011-05-09 21:49:32 Notice: Notice (8): Undefined variable: user in [/var/www/socialnetwork.com/app/views/users/profile.ctp, line 46]
2011-05-09 21:49:32 Notice: Notice (8): Undefined variable: user in [/var/www/socialnetwork.com/app/views/users/profile.ctp, line 55]
2011-05-09 21:49:32 Notice: Notice (8): Undefined variable: user in [/var/www/socialnetwork.com/app/views/users/profile.ctp, line 57]
2011-05-09 21:49:32 Notice: Notice (8): Undefined variable: user in [/var/www/socialnetwork.com/app/views/users/profile.ctp, line 70]
2011-05-09 21:49:32 Notice: Notice (8): Undefined variable: user in [/var/www/socialnetwork.com/app/views/users/profile.ctp, line 72]
2011-05-09 21:49:32 Notice: Notice (8): Undefined variable: user in [/var/www/socialnetwork.com/app/views/users/profile.ctp, line 73]
2011-05-09 21:49:32 Notice: Notice (8): Undefined variable: user in [/var/www/socialnetwork.com/app/views/users/profile.ctp, line 80]
2011-05-09 21:49:32 Notice: Notice (8): Undefined variable: showTab in [/var/www/socialnetwork.com/app/views/users/profile.ctp, line 86]
2011-05-09 21:49:32 Notice: Notice (8): Undefined variable: showTab in [/var/www/socialnetwork.com/app/views/users/profile.ctp, line 89]
2011-05-09 21:49:32 Notice: Notice (8): Undefined variable: user in [/var/www/socialnetwork.com/app/views/users/profile.ctp, line 92]
2011-05-09 21:49:32 Notice: Notice (8): Undefined variable: showTab in [/var/www/socialnetwork.com/app/views/users/profile.ctp, line 100]
2011-05-09 21:49:32 Notice: Notice (8): Undefined variable: posts in [/var/www/socialnetwork.com/app/views/users/profile.ctp, line 108]
2011-05-09 21:49:32 Notice: Notice (8): Undefined variable: showTab in [/var/www/socialnetwork.com/app/views/users/profile.ctp, line 196]
2011-05-09 21:49:32 Notice: Notice (8): Undefined variable: user in [/var/www/socialnetwork.com/app/views/users/profile.ctp, line 202]
2011-05-09 21:49:32 Notice: Notice (8): Undefined variable: user in [/var/www/socialnetwork.com/app/views/users/profile.ctp, line 206]
2011-05-09 21:49:32 Notice: Notice (8): Undefined variable: user in [/var/www/socialnetwork.com/app/views/users/profile.ctp, line 210]
2011-05-09 21:49:32 Notice: Notice (8): Undefined variable: user in [/var/www/socialnetwork.com/app/views/users/profile.ctp, line 216]
2011-05-09 21:49:33 Notice: Notice (8): Undefined variable: user in [/var/www/socialnetwork.com/app/views/users/profile.ctp, line 12]
2011-05-09 21:49:33 Notice: Notice (8): Undefined variable: user in [/var/www/socialnetwork.com/app/views/users/profile.ctp, line 19]
2011-05-09 21:49:33 Notice: Notice (8): Undefined variable: user in [/var/www/socialnetwork.com/app/views/users/profile.ctp, line 25]
2011-05-09 21:49:33 Notice: Notice (8): Undefined variable: user in [/var/www/socialnetwork.com/app/views/users/profile.ctp, line 39]
2011-05-09 21:49:33 Notice: Notice (8): Undefined variable: user in [/var/www/socialnetwork.com/app/views/users/profile.ctp, line 40]
2011-05-09 21:49:33 Notice: Notice (8): Undefined variable: user in [/var/www/socialnetwork.com/app/views/users/profile.ctp, line 46]
2011-05-09 21:49:33 Notice: Notice (8): Undefined variable: user in [/var/www/socialnetwork.com/app/views/users/profile.ctp, line 55]
2011-05-09 21:49:33 Notice: Notice (8): Undefined variable: user in [/var/www/socialnetwork.com/app/views/users/profile.ctp, line 57]
2011-05-09 21:49:33 Notice: Notice (8): Undefined variable: user in [/var/www/socialnetwork.com/app/views/users/profile.ctp, line 70]
2011-05-09 21:49:33 Notice: Notice (8): Undefined variable: user in [/var/www/socialnetwork.com/app/views/users/profile.ctp, line 72]
2011-05-09 21:49:33 Notice: Notice (8): Undefined variable: user in [/var/www/socialnetwork.com/app/views/users/profile.ctp, line 73]
2011-05-09 21:49:33 Notice: Notice (8): Undefined variable: user in [/var/www/socialnetwork.com/app/views/users/profile.ctp, line 80]
2011-05-09 21:49:33 Notice: Notice (8): Undefined variable: showTab in [/var/www/socialnetwork.com/app/views/users/profile.ctp, line 86]
2011-05-09 21:49:33 Notice: Notice (8): Undefined variable: showTab in [/var/www/socialnetwork.com/app/views/users/profile.ctp, line 89]
2011-05-09 21:49:33 Notice: Notice (8): Undefined variable: user in [/var/www/socialnetwork.com/app/views/users/profile.ctp, line 92]
2011-05-09 21:49:33 Notice: Notice (8): Undefined variable: showTab in [/var/www/socialnetwork.com/app/views/users/profile.ctp, line 100]
2011-05-09 21:49:33 Notice: Notice (8): Undefined variable: posts in [/var/www/socialnetwork.com/app/views/users/profile.ctp, line 108]
2011-05-09 21:49:33 Notice: Notice (8): Undefined variable: showTab in [/var/www/socialnetwork.com/app/views/users/profile.ctp, line 196]
2011-05-09 21:49:33 Notice: Notice (8): Undefined variable: user in [/var/www/socialnetwork.com/app/views/users/profile.ctp, line 202]
2011-05-09 21:49:33 Notice: Notice (8): Undefined variable: user in [/var/www/socialnetwork.com/app/views/users/profile.ctp, line 206]
2011-05-09 21:49:33 Notice: Notice (8): Undefined variable: user in [/var/www/socialnetwork.com/app/views/users/profile.ctp, line 210]
2011-05-09 21:49:33 Notice: Notice (8): Undefined variable: user in [/var/www/socialnetwork.com/app/views/users/profile.ctp, line 216]
2011-05-09 21:50:06 Notice: Notice (8): Undefined variable: user in [/var/www/socialnetwork.com/app/views/users/profile.ctp, line 12]
2011-05-09 21:50:06 Notice: Notice (8): Undefined variable: user in [/var/www/socialnetwork.com/app/views/users/profile.ctp, line 19]
2011-05-09 21:50:06 Notice: Notice (8): Undefined variable: user in [/var/www/socialnetwork.com/app/views/users/profile.ctp, line 25]
2011-05-09 21:50:06 Notice: Notice (8): Undefined variable: user in [/var/www/socialnetwork.com/app/views/users/profile.ctp, line 39]
2011-05-09 21:50:06 Notice: Notice (8): Undefined variable: user in [/var/www/socialnetwork.com/app/views/users/profile.ctp, line 40]
2011-05-09 21:50:06 Notice: Notice (8): Undefined variable: user in [/var/www/socialnetwork.com/app/views/users/profile.ctp, line 46]
2011-05-09 21:50:06 Notice: Notice (8): Undefined variable: user in [/var/www/socialnetwork.com/app/views/users/profile.ctp, line 55]
2011-05-09 21:50:06 Notice: Notice (8): Undefined variable: user in [/var/www/socialnetwork.com/app/views/users/profile.ctp, line 57]
2011-05-09 21:50:06 Notice: Notice (8): Undefined variable: user in [/var/www/socialnetwork.com/app/views/users/profile.ctp, line 70]
2011-05-09 21:50:06 Notice: Notice (8): Undefined variable: user in [/var/www/socialnetwork.com/app/views/users/profile.ctp, line 72]
2011-05-09 21:50:06 Notice: Notice (8): Undefined variable: user in [/var/www/socialnetwork.com/app/views/users/profile.ctp, line 73]
2011-05-09 21:50:06 Notice: Notice (8): Undefined variable: user in [/var/www/socialnetwork.com/app/views/users/profile.ctp, line 80]
2011-05-09 21:50:06 Notice: Notice (8): Undefined variable: showTab in [/var/www/socialnetwork.com/app/views/users/profile.ctp, line 86]
2011-05-09 21:50:06 Notice: Notice (8): Undefined variable: showTab in [/var/www/socialnetwork.com/app/views/users/profile.ctp, line 89]
2011-05-09 21:50:06 Notice: Notice (8): Undefined variable: user in [/var/www/socialnetwork.com/app/views/users/profile.ctp, line 92]
2011-05-09 21:50:06 Notice: Notice (8): Undefined variable: showTab in [/var/www/socialnetwork.com/app/views/users/profile.ctp, line 100]
2011-05-09 21:50:06 Notice: Notice (8): Undefined variable: posts in [/var/www/socialnetwork.com/app/views/users/profile.ctp, line 108]
2011-05-09 21:50:06 Notice: Notice (8): Undefined variable: showTab in [/var/www/socialnetwork.com/app/views/users/profile.ctp, line 196]
2011-05-09 21:50:06 Notice: Notice (8): Undefined variable: user in [/var/www/socialnetwork.com/app/views/users/profile.ctp, line 202]
2011-05-09 21:50:06 Notice: Notice (8): Undefined variable: user in [/var/www/socialnetwork.com/app/views/users/profile.ctp, line 206]
2011-05-09 21:50:06 Notice: Notice (8): Undefined variable: user in [/var/www/socialnetwork.com/app/views/users/profile.ctp, line 210]
2011-05-09 21:50:06 Notice: Notice (8): Undefined variable: user in [/var/www/socialnetwork.com/app/views/users/profile.ctp, line 216]
2011-05-09 21:50:07 Notice: Notice (8): Undefined variable: user in [/var/www/socialnetwork.com/app/views/users/profile.ctp, line 12]
2011-05-09 21:50:07 Notice: Notice (8): Undefined variable: user in [/var/www/socialnetwork.com/app/views/users/profile.ctp, line 19]
2011-05-09 21:50:07 Notice: Notice (8): Undefined variable: user in [/var/www/socialnetwork.com/app/views/users/profile.ctp, line 25]
2011-05-09 21:50:07 Notice: Notice (8): Undefined variable: user in [/var/www/socialnetwork.com/app/views/users/profile.ctp, line 39]
2011-05-09 21:50:07 Notice: Notice (8): Undefined variable: user in [/var/www/socialnetwork.com/app/views/users/profile.ctp, line 40]
2011-05-09 21:50:07 Notice: Notice (8): Undefined variable: user in [/var/www/socialnetwork.com/app/views/users/profile.ctp, line 46]
2011-05-09 21:50:07 Notice: Notice (8): Undefined variable: user in [/var/www/socialnetwork.com/app/views/users/profile.ctp, line 55]
2011-05-09 21:50:07 Notice: Notice (8): Undefined variable: user in [/var/www/socialnetwork.com/app/views/users/profile.ctp, line 57]
2011-05-09 21:50:07 Notice: Notice (8): Undefined variable: user in [/var/www/socialnetwork.com/app/views/users/profile.ctp, line 70]
2011-05-09 21:50:07 Notice: Notice (8): Undefined variable: user in [/var/www/socialnetwork.com/app/views/users/profile.ctp, line 72]
2011-05-09 21:50:07 Notice: Notice (8): Undefined variable: user in [/var/www/socialnetwork.com/app/views/users/profile.ctp, line 73]
2011-05-09 21:50:07 Notice: Notice (8): Undefined variable: user in [/var/www/socialnetwork.com/app/views/users/profile.ctp, line 80]
2011-05-09 21:50:07 Notice: Notice (8): Undefined variable: showTab in [/var/www/socialnetwork.com/app/views/users/profile.ctp, line 86]
2011-05-09 21:50:07 Notice: Notice (8): Undefined variable: showTab in [/var/www/socialnetwork.com/app/views/users/profile.ctp, line 89]
2011-05-09 21:50:07 Notice: Notice (8): Undefined variable: user in [/var/www/socialnetwork.com/app/views/users/profile.ctp, line 92]
2011-05-09 21:50:07 Notice: Notice (8): Undefined variable: showTab in [/var/www/socialnetwork.com/app/views/users/profile.ctp, line 100]
2011-05-09 21:50:07 Notice: Notice (8): Undefined variable: posts in [/var/www/socialnetwork.com/app/views/users/profile.ctp, line 108]
2011-05-09 21:50:07 Notice: Notice (8): Undefined variable: showTab in [/var/www/socialnetwork.com/app/views/users/profile.ctp, line 196]
2011-05-09 21:50:07 Notice: Notice (8): Undefined variable: user in [/var/www/socialnetwork.com/app/views/users/profile.ctp, line 202]
2011-05-09 21:50:07 Notice: Notice (8): Undefined variable: user in [/var/www/socialnetwork.com/app/views/users/profile.ctp, line 206]
2011-05-09 21:50:07 Notice: Notice (8): Undefined variable: user in [/var/www/socialnetwork.com/app/views/users/profile.ctp, line 210]
2011-05-09 21:50:07 Notice: Notice (8): Undefined variable: user in [/var/www/socialnetwork.com/app/views/users/profile.ctp, line 216]
2011-05-09 22:08:13 Notice: Notice (8): Undefined index: user_id in [/var/www/socialnetwork.com/app/controllers/users_controller.php, line 333]
2011-05-09 22:08:13 Notice: Notice (8): Undefined index: object_id in [/var/www/socialnetwork.com/app/controllers/users_controller.php, line 339]
2011-05-09 22:08:16 Notice: Notice (8): Undefined index: user_id in [/var/www/socialnetwork.com/app/controllers/users_controller.php, line 333]
2011-05-09 22:08:16 Notice: Notice (8): Undefined index: object_id in [/var/www/socialnetwork.com/app/controllers/users_controller.php, line 339]
2011-05-09 22:08:33 Notice: Notice (8): Undefined index: user_id in [/var/www/socialnetwork.com/app/controllers/users_controller.php, line 333]
2011-05-09 22:08:33 Notice: Notice (8): Undefined index: object_id in [/var/www/socialnetwork.com/app/controllers/users_controller.php, line 339]
2011-05-09 22:08:45 Notice: Notice (8): Undefined index: user_id in [/var/www/socialnetwork.com/app/controllers/users_controller.php, line 333]
2011-05-09 22:08:45 Notice: Notice (8): Undefined index: object_id in [/var/www/socialnetwork.com/app/controllers/users_controller.php, line 339]
2011-05-09 22:10:36 Notice: Notice (8): Undefined index: user_id in [/var/www/socialnetwork.com/app/controllers/users_controller.php, line 333]
2011-05-09 22:10:36 Notice: Notice (8): Undefined index: object_id in [/var/www/socialnetwork.com/app/controllers/users_controller.php, line 339]
2011-05-13 22:35:53 Notice: Notice (8): Undefined variable: user in [/var/www/socialnetwork.com/app/views/users/display.ctp, line 6]
2011-05-13 22:35:53 Notice: Notice (8): Undefined variable: user in [/var/www/socialnetwork.com/app/views/users/display.ctp, line 7]
2011-05-13 22:35:53 Notice: Notice (8): Undefined variable: user in [/var/www/socialnetwork.com/app/views/users/display.ctp, line 22]
2011-05-13 22:35:53 Notice: Notice (8): Undefined variable: user in [/var/www/socialnetwork.com/app/views/users/display.ctp, line 42]
2011-05-13 22:35:53 Notice: Notice (8): Undefined variable: user in [/var/www/socialnetwork.com/app/views/users/display.ctp, line 44]
2011-05-13 22:35:53 Notice: Notice (8): Undefined variable: user in [/var/www/socialnetwork.com/app/views/users/display.ctp, line 45]
2011-05-13 23:19:26 Notice: Notice (8): Undefined property: UsersController::$Album in [/var/www/socialnetwork.com/app/controllers/users_controller.php, line 29]
2011-05-13 23:23:03 Notice: Notice (8): Undefined variable: members in [/var/www/socialnetwork.com/app/views/users/display.ctp, line 26]
2011-05-14 14:24:07 Notice: Notice (8): Undefined variable: users in [/var/www/socialnetwork.com/app/controllers/users_controller.php, line 119]
2011-05-14 14:24:07 Notice: Notice (8): Undefined variable: messages in [/var/www/socialnetwork.com/app/controllers/users_controller.php, line 121]
2011-05-14 14:24:24 Notice: Notice (8): Undefined variable: users in [/var/www/socialnetwork.com/app/controllers/users_controller.php, line 119]
2011-05-14 14:41:00 Notice: Notice (8): Undefined index: username in [/var/www/socialnetwork.com/app/views/users/profile.ctp, line 124]
2011-05-21 12:47:01 Notice: Notice (8): Undefined variable: imageLocation in [/var/www/socialnetwork.com/app/controllers/images_controller.php, line 307]
2011-05-21 12:47:19 Notice: Notice (8): Undefined variable: imageLocation in [/var/www/socialnetwork.com/app/controllers/images_controller.php, line 307]
